[proteus] => RegisterLambda main::$_0
[proteus] PROTEUS_USE_STORED_CACHE 1
PROTEUS_CACHE_DIR None
PROTEUS_AUTO_READONLY_CAPTURES 1
ID:Default CG:RTC SA:1 LB:1 SD:1 SDR:1 OL:3 CGL:3 TMT:-1 BPSM:0 
[proteus] === Host LAMBDA MATCHING
Caller trigger _ZZ4mainENK3$_0clEv -> main::$_0::operator()() const
[proteus]  Trying F main::$_0::operator()() const
 [proteus] Operator main::$_0::operator()() const
=> LambdaType to match main::$_0
[proteus] Available Keys
[proteus] 	Key: main::$_0
[proteus] ===
[proteus] Hashing:  FnName _ZZ4mainENK3$_0clEv RCVec [ [proteus]  ] LambdaVec [ [proteus]  ] -> Hash 6500402321169189735
[proteus] Metadata jit for F _ZZ4mainENK3$_0clEv = <0x6000004cf870> = !{}
[proteus] Operator main::$_0::operator()() const
=> LambdaType to match main::$_0
[proteus] Available Keys
[proteus] 	Key: main::$_0
[proteus] ===
[proteus] [LambdaSpec] Function: _ZZ4mainENK3$_0clEv RCVec size 0
[proteus] TransformLambdaSpecialization::transform
[proteus] 	 args
[proteus] 	 users
[proteus]   %19 = load ptr, ptr %0, align 8
[proteus]   %15 = getelementptr inbounds i8, ptr %0, i64 28
[proteus]   %13 = load ptr, ptr %0, align 8
[proteus]   %10 = getelementptr inbounds i8, ptr %0, i64 24
[proteus]   %8 = load ptr, ptr %0, align 8
[proteus]   %6 = getelementptr inbounds i8, ptr %0, i64 16
[proteus]   %5 = load ptr, ptr %0, align 8
[proteus]   %2 = getelementptr inbounds i8, ptr %0, i64 8
[proteus] Module verified!
[proteus] Address range: [ 0x1031a8000,  0x1031a804c]	Symbol: ltmp0
[proteus] Address range: [ 0x1031ac050,  0x1031ac070]	Symbol: ltmp1
[proteus] Address range: [ 0x1031a8000,  0x1031a804c]	Symbol: __ZZ4mainENK3$_0clEv.jit.6500402321169189735
[proteus] ===
__ZZ4mainENK3$_0clEv.jit.6500402321169189735: 1
___cxa_atexit: 4
___dso_handle: 12
___lljit.atexit_helper: 12
___lljit.cxa_atexit_helper: 4
___lljit.platform_support_instance: 4
___lljit.run_atexits_helper: 12
___lljit_run_atexits: 12
_atexit: 12
_main: 1
===
[proteus] === JIT compile: _ZZ4mainENK3$_0clEv Mangled _ZZ4mainENK3$_0clEv.jit.6500402321169189735 RC HashValue 6500402321169189735 Addr 0x1031a8000
